  Solution61.cpp
  Solution62.cpp
D:\개인 프로젝트\Algorithm\Algorithm\Question\Solution62.cpp(10,2): error C2146: 구문 오류: ';'이(가) 'mid' 식별자 앞에 없습니다.
D:\개인 프로젝트\Algorithm\Algorithm\Question\Solution62.cpp(25,9): error C2660: 'Merge': 함수는 1개의 인수를 사용하지 않습니다.
D:\개인 프로젝트\Algorithm\Algorithm\Question\Solution62.cpp(7,6): message : 'Merge' 선언을 참조하십시오.
  코드를 생성하고 있습니다...

프로젝트 성능 요약:
     2118ms  D:\개인 프로젝트\Algorithm\Algorithm\Question\Question.vcxproj   1회 호출
               2118ms  Build                                      1회 호출

대상 성능 요약:
        0ms  BeforeBuildGenerateSources                 1회 호출
        0ms  SelectClCompile                            1회 호출
        0ms  PreBuildEvent                              1회 호출
        0ms  _SelectedFiles                             1회 호출
        0ms  SelectCustomBuild                          1회 호출
        0ms  ComputeCustomBuildOutput                   1회 호출
        0ms  CopyFileToFolders                          1회 호출
        0ms  _Xsd                                       1회 호출
        0ms  ComputeMIDLGeneratedCompileInputs          1회 호출
        0ms  AfterMidl                                  1회 호출
        0ms  _Midl                                      1회 호출
        0ms  AfterBuildGenerateSources                  1회 호출
        0ms  AfterBuildGenerateSourcesEvent             1회 호출
        0ms  _BuildGenerateSourcesAction                1회 호출
        0ms  BuildGenerateSources                       1회 호출
        0ms  BuildCompileTraverse                       1회 호출
        0ms  BeforeClCompile                            1회 호출
        0ms  ComputeCLInputPDBName                      1회 호출
        0ms  FindReferenceAssembliesForReferences       1회 호출
        0ms  ComputeReferenceCLInput                    1회 호출
        0ms  ResolveReferences                          1회 호출
        0ms  AfterResolveReferences                     1회 호출
        0ms  BuildGenerateSourcesTraverse               1회 호출
        0ms  ExpandSDKReferences                        1회 호출
        0ms  BeforeResolveReferences                    1회 호출
        0ms  _AddOutputPathToGlobalPropertiesToRemove   1회 호출
        0ms  PrepareProjectReferences                   1회 호출
        0ms  ResolveAssemblyReferences                  1회 호출
        0ms  GetReferenceAssemblyPaths                  1회 호출
        0ms  AddExternalIncludDirectoriesToPaths        1회 호출
        0ms  GetFrameworkPaths                          1회 호출
        0ms  SetCABuildNativeEnvironmentVariables       1회 호출
        0ms  ResolveSDKReferences                       1회 호출
        0ms  GetResolvedWinMD                           1회 호출
        1ms  _PrepareForBuild                           1회 호출
        1ms  _SplitProjectReferencesByFileExistence     1회 호출
        1ms  GetReferencedVCProjectsInfo                1회 호출
        1ms  _PrepareForReferenceResolution             1회 호출
        1ms  MakeDirsForMidl                            1회 호출
        1ms  _GetProjectReferenceTargetFrameworkProperties   1회 호출
        1ms  _CheckWindowsSDKInstalled                  1회 호출
        2ms  SetBuildDefaultEnvironmentVariables        1회 호출
        5ms  MakeDirsForCl                              1회 호출
        5ms  WarnCompileDuplicatedFilename              1회 호출
        6ms  AssignProjectConfiguration                 1회 호출
        7ms  SetTelemetryEnvironmentVariables           1회 호출
        8ms  CustomBuild                                1회 호출
       15ms  PrepareForBuild                            1회 호출
       16ms  FixupCLCompileOptions                      1회 호출
       24ms  ResolveProjectReferences                   1회 호출
       26ms  InitializeBuildStatus                      1회 호출
       48ms  _CheckForInvalidConfigurationAndPlatform   1회 호출
     1942ms  ClCompile                                  1회 호출

작업 성능 요약:
        0ms  MSBuild                                    1회 호출
        0ms  WriteLinesToFile                           1회 호출
        1ms  CheckVCToolsetVersion                      1회 호출
        2ms  MakeDir                                    5회 호출
        3ms  SetEnv                                     9회 호출
        5ms  ReadLinesFromFile                          1회 호출
        6ms  AssignProjectConfiguration                 1회 호출
        8ms  GetOutOfDateItems                          3회 호출
       10ms  Message                                    2회 호출
       19ms  Touch                                      1회 호출
     1941ms  CL                                         1회 호출
