  Solution.cpp
D:\개인 프로젝트\Algorithm\Algorithm\Question18\Solution.cpp(20): error C4700: 초기화되지 않은 'val' 지역 변수를 사용했습니다.

프로젝트 성능 요약:
     1584ms  D:\개인 프로젝트\Algorithm\Algorithm\Question18\Question18.vcxproj   1회 호출
               1584ms  Build                                      1회 호출

대상 성능 요약:
        0ms  BeforeBuildGenerateSources                 1회 호출
        0ms  _SelectedFiles                             1회 호출
        0ms  SelectCustomBuild                          1회 호출
        0ms  ComputeCustomBuildOutput                   1회 호출
        0ms  CopyFileToFolders                          1회 호출
        0ms  _Xsd                                       1회 호출
        0ms  MakeDirsForMidl                            1회 호출
        0ms  ComputeMIDLGeneratedCompileInputs          1회 호출
        0ms  AfterMidl                                  1회 호출
        0ms  _Midl                                      1회 호출
        0ms  AfterBuildGenerateSources                  1회 호출
        0ms  AfterBuildGenerateSourcesEvent             1회 호출
        0ms  _BuildGenerateSourcesAction                1회 호출
        0ms  BuildGenerateSources                       1회 호출
        0ms  BuildCompileTraverse                       1회 호출
        0ms  BeforeClCompile                            1회 호출
        0ms  ComputeCLInputPDBName                      1회 호출
        0ms  FindReferenceAssembliesForReferences       1회 호출
        0ms  GetReferencedVCProjectsInfo                1회 호출
        0ms  ComputeReferenceCLInput                    1회 호출
        0ms  SelectClCompile                            1회 호출
        0ms  ResolveReferences                          1회 호출
        0ms  BuildGenerateSourcesTraverse               1회 호출
        0ms  ExpandSDKReferences                        1회 호출
        0ms  ResolveSDKReferences                       1회 호출
        0ms  BeforeResolveReferences                    1회 호출
        0ms  SetCABuildNativeEnvironmentVariables       1회 호출
        0ms  _CheckWindowsSDKInstalled                  1회 호출
        0ms  GetResolvedWinMD                           1회 호출
        0ms  _AddOutputPathToGlobalPropertiesToRemove   1회 호출
        0ms  AddExternalIncludDirectoriesToPaths        1회 호출
        0ms  AfterResolveReferences                     1회 호출
        0ms  GetFrameworkPaths                          1회 호출
        0ms  PrepareProjectReferences                   1회 호출
        1ms  _SplitProjectReferencesByFileExistence     1회 호출
        1ms  PreBuildEvent                              1회 호출
        1ms  _PrepareForReferenceResolution             1회 호출
        1ms  _PrepareForBuild                           1회 호출
        1ms  ResolveAssemblyReferences                  1회 호출
        1ms  GetReferenceAssemblyPaths                  1회 호출
        1ms  _GetProjectReferenceTargetFrameworkProperties   1회 호출
        4ms  SetBuildDefaultEnvironmentVariables        1회 호출
        4ms  MakeDirsForCl                              1회 호출
        9ms  CustomBuild                                1회 호출
        9ms  AssignProjectConfiguration                 1회 호출
       10ms  SetTelemetryEnvironmentVariables           1회 호출
       14ms  WarnCompileDuplicatedFilename              1회 호출
       15ms  FixupCLCompileOptions                      1회 호출
       22ms  PrepareForBuild                            1회 호출
       23ms  ResolveProjectReferences                   1회 호출
       25ms  InitializeBuildStatus                      1회 호출
       52ms  _CheckForInvalidConfigurationAndPlatform   1회 호출
     1380ms  ClCompile                                  1회 호출

작업 성능 요약:
        1ms  WriteLinesToFile                           1회 호출
        1ms  MSBuild                                    1회 호출
        2ms  CheckVCToolsetVersion                      1회 호출
        2ms  MakeDir                                    5회 호출
        5ms  SetEnv                                     9회 호출
        7ms  ReadLinesFromFile                          1회 호출
        9ms  GetOutOfDateItems                          3회 호출
        9ms  AssignProjectConfiguration                 1회 호출
       10ms  Message                                    2회 호출
       16ms  Touch                                      1회 호출
     1379ms  CL                                         1회 호출
