  Solution.cpp
  Question31.vcxproj -> D:\개인 프로젝트\Algorithm\Algorithm\Debug\Question31.exe

프로젝트 성능 요약:
     1864ms  D:\개인 프로젝트\Algorithm\Algorithm\Question31\Question31.vcxproj   1회 호출
               1864ms  Build                                      1회 호출

대상 성능 요약:
        0ms  AfterBuildCompileEvent                     1회 호출
        0ms  AfterLink                                  1회 호출
        0ms  ComputeLinkImportLibraryOutputsForClean    1회 호출
        0ms  PreLinkEvent                               1회 호출
        0ms  DoLinkOutputFilesMatch                     1회 호출
        0ms  PrepareResourceNames                       1회 호출
        0ms  CreateCustomManifestResourceNames          1회 호출
        0ms  ComputeManifestInputsTargets               1회 호출
        0ms  ComputeLinkInputsFromProject               1회 호출
        0ms  ComputeCLGeneratedLinkInputs               1회 호출
        0ms  ComputeManifestGeneratedLinkerInputs       1회 호출
        0ms  ComputeRCGeneratedLinkInputs               1회 호출
        0ms  ComputeRCOutputs                           1회 호출
        0ms  BeforeLink                                 1회 호출
        0ms  BuildLinkTraverse                          1회 호출
        0ms  BuildCompile                               1회 호출
        0ms  _BuildCompileAction                        1회 호출
        0ms  _ResourceCompile                           1회 호출
        0ms  AfterResourceCompile                       1회 호출
        0ms  MakeDirsForResourceCompile                 1회 호출
        0ms  BeforeResourceCompile                      1회 호출
        0ms  _ClCompile                                 1회 호출
        0ms  _Link                                      1회 호출
        0ms  _ALink                                     1회 호출
        0ms  _Manifest                                  1회 호출
        0ms  RegisterOutput                             1회 호출
        0ms  AfterBuild                                 1회 호출
        0ms  BuildLink                                  1회 호출
        0ms  _BuildLinkAction                           1회 호출
        0ms  PrepareForRun                              1회 호출
        0ms  CopyFilesToOutputDirectory                 1회 호출
        0ms  _CheckForCompileOutputs                    1회 호출
        0ms  _CopySourceItemsToOutputDirectory          1회 호출
        0ms  _GetCopyToOutputDirectoryItemsFromTransitiveProjectReferences   1회 호출
        0ms  GetCopyToOutputDirectoryXamlAppDefs        1회 호출
        0ms  _PopulateCommonStateForGetCopyToOutputDirectoryItems   1회 호출
        0ms  AfterClCompile                             1회 호출
        0ms  _Deploy                                    1회 호출
        0ms  CreateSatelliteAssemblies                  1회 호출
        0ms  _GenerateSatelliteAssemblyInputs           1회 호출
        0ms  MakeDirsForFxc                             1회 호출
        0ms  BuiltProjectOutputGroup                    1회 호출
        0ms  _BscMake                                   1회 호출
        0ms  MakeDirsForBscMake                         1회 호출
        0ms  ComputeCLCompileGeneratedSbrFiles          1회 호출
        0ms  _XdcMake                                   1회 호출
        0ms  MakeDirsForXdcMake                         1회 호출
        0ms  ResolvedXDCMake                            1회 호출
        0ms  _Appverifier                               1회 호출
        0ms  SelectClCompile                            1회 호출
        0ms  Build                                      1회 호출
        0ms  BeforeBuildGenerateSources                 1회 호출
        0ms  CopyFileToFolders                          1회 호출
        0ms  SelectCustomBuild                          1회 호출
        0ms  _AddOutputPathToGlobalPropertiesToRemove   1회 호출
        0ms  _SelectedFiles                             1회 호출
        0ms  PreBuildEvent                              1회 호출
        0ms  BuildGenerateSourcesTraverse               1회 호출
        0ms  ResolveReferences                          1회 호출
        0ms  AfterResolveReferences                     1회 호출
        0ms  ExpandSDKReferences                        1회 호출
        0ms  ResolveSDKReferences                       1회 호출
        0ms  SetCABuildNativeEnvironmentVariables       1회 호출
        0ms  _CheckWindowsSDKInstalled                  1회 호출
        0ms  BeforeResolveReferences                    1회 호출
        0ms  GetFrameworkPaths                          1회 호출
        0ms  PrepareProjectReferences                   1회 호출
        0ms  _Xsd                                       1회 호출
        0ms  ComputeMIDLGeneratedCompileInputs          1회 호출
        0ms  _SplitProjectReferencesByFileExistence     1회 호출
        0ms  FindReferenceAssembliesForReferences       1회 호출
        0ms  AfterMidl                                  1회 호출
        0ms  BeforeClCompile                            1회 호출
        0ms  ComputeReferenceCLInput                    1회 호출
        0ms  _Midl                                      1회 호출
        0ms  BuildCompileTraverse                       1회 호출
        0ms  BuildGenerateSources                       1회 호출
        0ms  _BuildGenerateSourcesAction                1회 호출
        0ms  AfterBuildGenerateSources                  1회 호출
        0ms  GetReferencedVCProjectsInfo                1회 호출
        0ms  AfterBuildGenerateSourcesEvent             1회 호출
        1ms  MakeDirsForMidl                            1회 호출
        1ms  MakeDirsForLink                            1회 호출
        1ms  SetBuildDefaultEnvironmentVariables        1회 호출
        1ms  ComputeCustomBuildOutput                   1회 호출
        1ms  _PrepareForBuild                           1회 호출
        1ms  _GetProjectReferenceTargetFrameworkProperties   1회 호출
        1ms  ComputeCLCompileGeneratedXDCFiles          1회 호출
        1ms  IncrementalClean                           1회 호출
        1ms  ContentFilesProjectOutputGroup             1회 호출
        1ms  ComputeLinkSwitches                        1회 호출
        1ms  GetReferenceAssemblyPaths                  1회 호출
        1ms  _GetCopyToOutputDirectoryItemsFromThisProject   1회 호출
        1ms  ResolveAssemblyReferences                  1회 호출
        1ms  ComputeLegacyManifestEmbedding             1회 호출
        1ms  PostBuildEvent                             1회 호출
        1ms  FinalizeBuildStatus                        1회 호출
        1ms  ComputeCLInputPDBName                      1회 호출
        1ms  GetResolvedWinMD                           1회 호출
        1ms  _PrepareForReferenceResolution             1회 호출
        1ms  AddExternalIncludDirectoriesToPaths        1회 호출
        2ms  GetCopyToOutputDirectoryItems              1회 호출
        3ms  ComputeCLOutputs                           1회 호출
        3ms  SplitResourcesByCulture                    1회 호출
        3ms  AssignTargetPaths                          1회 호출
        4ms  _CleanGetCurrentAndPriorFileWrites         1회 호출
        4ms  MakeDirsForCl                              1회 호출
        4ms  SatelliteDllsProjectOutputGroup            1회 호출
        6ms  AssignProjectConfiguration                 1회 호출
        6ms  WarnCompileDuplicatedFilename              1회 호출
        8ms  SetTelemetryEnvironmentVariables           1회 호출
        8ms  CustomBuild                                1회 호출
       16ms  FixupCLCompileOptions                      1회 호출
       20ms  PrepareForBuild                            1회 호출
       23ms  CreateRecipeFile                           1회 호출
       23ms  ResolveProjectReferences                   1회 호출
       23ms  InitializeBuildStatus                      1회 호출
       46ms  _CheckForInvalidConfigurationAndPlatform   1회 호출
      559ms  Link                                       1회 호출
     1075ms  ClCompile                                  1회 호출

작업 성능 요약:
        0ms  MSBuild                                    1회 호출
        1ms  RemoveDuplicates                           2회 호출
        1ms  Delete                                     2회 호출
        1ms  WriteLinesToFile                           1회 호출
        1ms  ConvertToAbsolutePath                      1회 호출
        2ms  MakeDir                                   10회 호출
        2ms  CheckVCToolsetVersion                      1회 호출
        2ms  CallTarget                                 2회 호출
        2ms  AssignCulture                              1회 호출
        2ms  FindUnderPath                              5회 호출
        3ms  SetEnv                                     9회 호출
        3ms  AssignTargetPath                           7회 호출
        3ms  CreateItem                                 2회 호출
        6ms  AssignProjectConfiguration                 1회 호출
        7ms  ReadLinesFromFile                          2회 호출
        8ms  GetOutOfDateItems                          3회 호출
       11ms  Message                                    3회 호출
       14ms  Touch                                      2회 호출
       23ms  GenerateDesktopDeployRecipe                1회 호출
      559ms  Link                                       1회 호출
     1074ms  CL                                         1회 호출
